Reading netlist file: "D:\Users\kali\Documents\braeth_light\impl\gwsynthesis\braeth_light.vg"
Parsing netlist file "D:\Users\kali\Documents\braeth_light\impl\gwsynthesis\braeth_light.vg" completed
Processing netlist completed
Reading constraint file: "D:\Users\kali\Documents\braeth_light\src\braeth_light.cst"
Physical Constraint parsed completed
Running placement......
[10%] Placement Phase 0 completed
[20%] Placement Phase 1 completed
[30%] Placement Phase 2 completed
[50%] Placement Phase 3 completed
Running routing......
[60%] Routing Phase 0 completed
[70%] Routing Phase 1 completed
[80%] Routing Phase 2 completed
[90%] Routing Phase 3 completed
Running timing analysis......
[95%] Timing analysis completed
Placement and routing completed
Bitstream generation in progress......
Bitstream generation completed
Running power analysis......
[100%] Power analysis completed
Generate file "D:\Users\kali\Documents\braeth_light\impl\pnr\braeth_light.power.html" completed
Generate file "D:\Users\kali\Documents\braeth_light\impl\pnr\braeth_light.pin.html" completed
Generate file "D:\Users\kali\Documents\braeth_light\impl\pnr\braeth_light.rpt.html" completed
Generate file "D:\Users\kali\Documents\braeth_light\impl\pnr\braeth_light.rpt.txt" completed
Generate file "D:\Users\kali\Documents\braeth_light\impl\pnr\braeth_light.tr.html" completed
Mon May 15 23:04:06 2023

